<?xml version="1.0" encoding="UTF-8"?>
<coverage generated="1682800219199" clover="3.2.0">
  <project timestamp="1682800219199" name="All files">
    <metrics statements="8" coveredstatements="0" conditionals="0" coveredconditionals="0" methods="6" coveredmethods="0" elements="14" coveredelements="0" complexity="0" loc="8" ncloc="8" packages="1" files="2" classes="2"/>
    <file name="App.jsx" path="/Users/lukelauther/test-app/src/App.jsx">
      <metrics statements="8" coveredstatements="0" conditionals="0" coveredconditionals="0" methods="6" coveredmethods="0"/>
      <line num="6" count="0" type="stmt"/>
      <line num="8" count="0" type="stmt"/>
      <line num="9" count="0" type="stmt"/>
      <line num="12" count="0" type="stmt"/>
      <line num="13" count="0" type="stmt"/>
      <line num="16" count="0" type="stmt"/>
      <line num="17" count="0" type="stmt"/>
      <line num="20" count="0" type="stmt"/>
    </file>
    <file name="style.css" path="/Users/lukelauther/test-app/src/style.css">
      <metrics statements="0" coveredstatements="0" conditionals="0" coveredconditionals="0" methods="0" coveredmethods="0"/>
    </file>
  </project>
</coverage>
