{"/Users/lukelauther/test-app/src/App.jsx": {"path":"/Users/lukelauther/test-app/src/App.jsx","statementMap":{"0":{"start":{"line":6,"column":30},"end":{"line":6,"column":41}},"1":{"start":{"line":8,"column":22},"end":{"line":10,"column":5}},"2":{"start":{"line":9,"column":8},"end":{"line":9,"column":44}},"3":{"start":{"line":9,"column":30},"end":{"line":9,"column":43}},"4":{"start":{"line":12,"column":27},"end":{"line":14,"column":5}},"5":{"start":{"line":13,"column":8},"end":{"line":13,"column":44}},"6":{"start":{"line":13,"column":30},"end":{"line":13,"column":43}},"7":{"start":{"line":16,"column":24},"end":{"line":18,"column":5}},"8":{"start":{"line":17,"column":8},"end":{"line":17,"column":19}},"9":{"start":{"line":20,"column":4},"end":{"line":27,"column":5}}},"fnMap":{"0":{"name":"App","decl":{"start":{"line":4,"column":24},"end":{"line":4,"column":27}},"loc":{"start":{"line":4,"column":30},"end":{"line":29,"column":1}},"line":4},"1":{"name":"(anonymous_1)","decl":{"start":{"line":8,"column":22},"end":{"line":8,"column":23}},"loc":{"start":{"line":8,"column":28},"end":{"line":10,"column":5}},"line":8},"2":{"name":"(anonymous_2)","decl":{"start":{"line":9,"column":17},"end":{"line":9,"column":18}},"loc":{"start":{"line":9,"column":30},"end":{"line":9,"column":43}},"line":9},"3":{"name":"(anonymous_3)","decl":{"start":{"line":12,"column":27},"end":{"line":12,"column":28}},"loc":{"start":{"line":12,"column":33},"end":{"line":14,"column":5}},"line":12},"4":{"name":"(anonymous_4)","decl":{"start":{"line":13,"column":17},"end":{"line":13,"column":18}},"loc":{"start":{"line":13,"column":30},"end":{"line":13,"column":43}},"line":13},"5":{"name":"(anonymous_5)","decl":{"start":{"line":16,"column":24},"end":{"line":16,"column":25}},"loc":{"start":{"line":16,"column":30},"end":{"line":18,"column":5}},"line":16}},"branchMap":{},"s":{"0":0,"1":0,"2":0,"3":0,"4":0,"5":0,"6":0,"7":0,"8":0,"9":0},"f":{"0":0,"1":0,"2":0,"3":0,"4":0,"5":0},"b":{},"_coverageSchema":"1a1c01bbd47fc00a2c39e90264f33305004495a9","hash":"7ad8e9e012844bcf2f85481dd7a1b6235835f67f"}
,"/Users/lukelauther/test-app/src/style.css": {"path":"/Users/lukelauther/test-app/src/style.css","statementMap":{},"fnMap":{},"branchMap":{},"s":{},"f":{},"b":{},"inputSourceMap":null,"_coverageSchema":"1a1c01bbd47fc00a2c39e90264f33305004495a9","hash":"5f7156d4ec5f6ba2a8f2ff1dacddb0c8f394ea4d"}
}
